<?xml version="1.0" encoding="UTF-8"?>
<!-- Generated by org.testng.reporters.JUnitReportReporter -->
<testsuite hostname="LAPTOP-GAUPM6CM" failures="0" tests="1" name="testscripts.regression.ValidateLogin" time="6.870" errors="0" timestamp="2023-02-11T12:43:52 IST" skipped="0">
  <testcase classname="testscripts.regression.ValidateLogin" name="validateLoginTest" time="6.870"/>
  <system-out/>
</testsuite> <!-- testscripts.regression.ValidateLogin -->
